{"level":"info","message":"Server is running on port 3000"}
{"level":"info","message":"Server is running on port 3000"}
{"level":"info","message":"Server is running on port 3000"}
{"level":"info","message":"Server is running on port 3000"}
{"level":"info","message":"Server is running on port 3000"}
{"level":"info","message":"Server is running on port 3000"}
{"level":"info","message":"Server is running on port 3000"}
{"level":"info","message":"Server is running on port 3000"}
{"level":"info","message":"Server is running on port 3000"}
{"level":"info","message":"Server is running on port 3000"}
{"level":"info","message":"Server is running on port 3000"}
{"level":"info","message":"Server is running on port 3000"}
{"level":"info","message":"Server is running on port 3000"}
{"level":"info","message":"Server is running on port 3000"}
{"level":"info","message":"Server is running on port 3000"}
{"level":"info","message":"Server is running on port 3000"}
{"level":"info","message":"Server is running on port 3000"}
{"level":"info","message":"Server is running on port 3000"}
{"level":"info","message":"DB Connet"}
{"level":"info","message":"Server is running on port 3000"}
{"level":"info","message":"DB Connected !"}
{"level":"info","message":"Server is running on port 3000"}
{"level":"info","message":"DB Connected !"}
{"level":"info","message":"Server is running on port 3000"}
{"level":"info","message":"DB Connected !"}
{"level":"info","message":"Server is running on port 3000"}
{"level":"info","message":"Server is running on port 3000"}
{"level":"info","message":"Server is running on port 3000"}
{"level":"info","message":"Server is running on port 3000"}
{"level":"info","message":"Server is running on port 3000"}
{"level":"info","message":"Server is running on port 3000"}
{"level":"info","message":"Server is running on port 3000"}
{"level":"info","message":"Server is running on port 3000"}
{"level":"info","message":"Server is running on port 3000"}
{"level":"info","message":"Server is running on port 3000"}
{"level":"info","message":"Server is running on port 3000"}
{"level":"info","message":"Connected to MongoDB"}
{"level":"info","message":"Server is running on port 3300"}
{"level":"info","message":"Connected to MongoDB"}
{"level":"info","message":"Server is running on port 3300"}
{"level":"info","message":"Connected to MongoDB"}
{"level":"info","message":"Server is running on port 3300"}
{"level":"info","message":"Connected to MongoDB"}
{"level":"info","message":"Server is running on port 3300"}
{"level":"info","message":"Connected to MongoDB"}
{"level":"info","message":"Server is running on port 3300"}
{"level":"info","message":"Connected to MongoDB"}
{"level":"info","message":"Server is running on port 3300"}
{"level":"info","message":"Connected to MongoDB"}
{"level":"info","message":"Server is running on port 3300"}
{"level":"info","message":"Connected to MongoDB"}
{"level":"info","message":"Server is running on port 3300"}
{"level":"info","message":"Connected to MongoDB"}
{"level":"info","message":"Server is running on port 3300"}
{"level":"info","message":"Connected to MongoDB"}
{"level":"info","message":"Server is running on port 3300"}
{"level":"info","message":"Connected to MongoDB"}
{"level":"info","message":"Server is running on port 3300"}
{"level":"info","message":"Connected to MongoDB"}
{"level":"info","message":"Server is running on port 3300"}
{"level":"info","message":"Connected to MongoDB"}
{"level":"info","message":"Server is running on port 3300"}
{"level":"info","message":"Connected to MongoDB"}
{"level":"info","message":"Server is running on port 3300"}
{"level":"info","message":"Connected to MongoDB"}
{"level":"info","message":"Server is running on port 3300"}
{"level":"info","message":"Connected to MongoDB"}
{"level":"info","message":"Server is running on port 3300"}
{"level":"info","message":"Connected to MongoDB"}
{"level":"info","message":"Server is running on port 3300"}
{"level":"info","message":"Connected to MongoDB"}
{"level":"info","message":"Server is running on port 3300"}
{"level":"info","message":"Connected to MongoDB"}
{"level":"info","message":"Server is running on port 3300"}
{"level":"info","message":"Connected to MongoDB"}
{"level":"info","message":"Server is running on port 3300"}
{"level":"info","message":"Connected to MongoDB"}
{"level":"info","message":"Server is running on port 3300"}
{"level":"info","message":"Connected to MongoDB"}
{"level":"info","message":"Server is running on port 3300"}
{"level":"info","message":"Connected to MongoDB"}
{"level":"info","message":"Server is running on port 3300"}
{"level":"info","message":"Connected to MongoDB"}
{"level":"info","message":"Server is running on port 3300"}
{"level":"info","message":"Connected to MongoDB"}
{"level":"info","message":"Server is running on port 3300"}
{"level":"info","message":"Connected to MongoDB"}
{"level":"info","message":"Server is running on port 3300"}
{"level":"info","message":"Connected to MongoDB"}
{"level":"info","message":"Server is running on port 3300"}
{"level":"info","message":"Connected to MongoDB"}
{"level":"info","message":"Server is running on port 3300"}
{"level":"info","message":"Connected to MongoDB"}
{"level":"info","message":"Server is running on port 3300"}
{"level":"info","message":"Connected to MongoDB"}
{"level":"info","message":"Server is running on port 3300"}
{"level":"info","message":"Connected to MongoDB"}
{"level":"info","message":"Server is running on port 3300"}
{"level":"info","message":"Connected to MongoDB"}
{"level":"info","message":"Server is running on port 3300"}
{"level":"info","message":"Connected to MongoDB"}
{"level":"info","message":"Server is running on port 3300"}
{"level":"info","message":"Connected to MongoDB"}
{"level":"info","message":"Server is running on port 3300"}
{"level":"info","message":"Connected to MongoDB"}
{"level":"info","message":"Server is running on port 3300"}
{"level":"info","message":"Connected to MongoDB"}
{"level":"info","message":"Server is running on port 3300"}
{"level":"info","message":"Connected to MongoDB"}
{"level":"info","message":"Server is running on port 3300"}
{"level":"info","message":"Connected to MongoDB"}
{"level":"info","message":"Server is running on port 3300"}
{"level":"info","message":"Connected to MongoDB"}
{"level":"info","message":"Server is running on port 3300"}
{"level":"info","message":"Connected to MongoDB"}
{"level":"info","message":"Server is running on port 3300"}
{"level":"info","message":"Connected to MongoDB"}
{"level":"info","message":"Server is running on port 3300"}
{"level":"info","message":"Connected to MongoDB"}
{"level":"info","message":"Server is running on port 3300"}
{"level":"info","message":"Connected to MongoDB"}
{"level":"info","message":"Server is running on port 3300"}
{"level":"info","message":"Connected to MongoDB"}
{"level":"info","message":"Server is running on port 3300"}
{"level":"info","message":"Connected to MongoDB"}
{"level":"info","message":"Server is running on port 3300"}
{"level":"info","message":"Server is running on port 3300"}
{"level":"info","message":"Server is running on port 3300"}
{"level":"info","message":"Server is running on port 3300"}
{"level":"info","message":"Server is running on port 3300"}
{"level":"info","message":"Server is running on port 3300"}
{"level":"info","message":"Server is running on port 3300"}
{"level":"info","message":"Server is running on port 3300"}
{"level":"info","message":"Server is running on port 3300"}
{"level":"info","message":"Server is running on port 3300"}
{"level":"info","message":"Server is running on port 3300"}
{"level":"info","message":"Server is running on port 3300"}
{"level":"info","message":"Server is running on port 3300"}
{"level":"info","message":"Server is running on port 3300"}
{"level":"info","message":"Server is running on port 3300"}
{"level":"info","message":"Server is running on port 3300"}
{"level":"info","message":"Server is running on port 3300"}
{"level":"info","message":"Server is running on port 3300"}
{"level":"info","message":"Server is running on port 3300"}
{"level":"info","message":"Server is running on port 3300"}
{"level":"info","message":"Server is running on port 3300"}
{"level":"info","message":"Server is running on port 3300"}
{"level":"info","message":"Server is running on port 3300"}
{"level":"info","message":"Server is running on port 3300"}
{"level":"info","message":"Server is running on port 3300"}
{"level":"info","message":"Server is running on port 3300"}
{"level":"info","message":"Server is running on port 3300"}
{"level":"info","message":"Server is running on port 3300"}
{"level":"info","message":"Server is running on port 3300"}
{"level":"info","message":"Server is running on port 3300"}
{"level":"info","message":"Server is running on port 3300"}
{"level":"info","message":"Server is running on port 3300"}
{"level":"info","message":"Server is running on port 3300"}
{"level":"info","message":"Server is running on port 3300"}
{"level":"info","message":"Server is running on port 3300"}
{"level":"info","message":"Server is running on port 3300"}
{"level":"info","message":"Server is running on port 3300"}
{"level":"info","message":"Server is running on port 3300"}
{"level":"info","message":"Server is running on port 3300"}
{"level":"info","message":"Server is running on port 3300"}
{"level":"info","message":"Server is running on port 3300"}
{"level":"info","message":"Server is running on port 3300"}
{"level":"info","message":"Server is running on port 3300"}
{"level":"info","message":"Server is running on port 3000"}
{"level":"info","message":"Connected to MongoDB"}
{"level":"info","message":"Connected to MongoDB"}
{"level":"info","message":"Server running on port 3300"}
{"level":"info","message":"Connected to MongoDB"}
{"level":"info","message":"Server running on port 3300"}
{"level":"info","message":"Connected to MongoDB"}
{"level":"info","message":"Server running on port 3300"}
{"level":"info","message":"Connected to MongoDB"}
{"level":"info","message":"Server running on port 3300"}
{"level":"info","message":"Connected to MongoDB"}
{"level":"info","message":"Server running on port 3300"}
{"level":"info","message":"Connected to MongoDB"}
{"level":"info","message":"Server running on port 3300"}
{"level":"info","message":"Connected to MongoDB"}
{"level":"info","message":"Server running on port 3300"}
{"level":"info","message":"Connected to MongoDB"}
{"level":"info","message":"Server running on port 3300"}
{"level":"info","message":"Connected to MongoDB"}
{"level":"info","message":"Server running on port 3300"}
{"level":"info","message":"Connected to MongoDB"}
{"level":"info","message":"Server running on port 3300"}
{"level":"info","message":"Connected to MongoDB"}
{"level":"info","message":"Server running on port 3300"}
{"level":"info","message":"Connected to MongoDB"}
{"level":"info","message":"Server running on port 3300"}
{"level":"info","message":"Connected to MongoDB"}
{"level":"info","message":"Server running on port 3300"}
{"level":"info","message":"Connected to MongoDB"}
{"level":"info","message":"Server running on port 3300"}
{"level":"info","message":"Connected to MongoDB"}
{"level":"info","message":"Server running on port 3300"}
{"level":"info","message":"Connected to MongoDB"}
{"level":"info","message":"Server running on port 3300"}
{"level":"info","message":"Connected to MongoDB"}
{"level":"info","message":"Server running on port 3300"}
{"level":"info","message":"Connected to MongoDB"}
{"level":"info","message":"Server running on port 3300"}
{"level":"info","message":"Connected to MongoDB"}
{"level":"info","message":"Server running on port 3300"}
{"level":"info","message":"Connected to MongoDB"}
{"level":"info","message":"Server running on port 3300"}
{"level":"info","message":"Connected to MongoDB"}
{"level":"info","message":"Server running on port 3300"}
{"level":"info","message":"Connected to MongoDB"}
{"level":"info","message":"Server running on port 3300"}
{"level":"info","message":"Connected to MongoDB"}
{"level":"info","message":"Server running on port 3300"}
{"level":"info","message":"Connected to MongoDB"}
{"level":"info","message":"Server running on port 3300"}
{"level":"info","message":"Connected to MongoDB"}
{"level":"info","message":"Server running on port 3300"}
{"level":"info"}
{"level":"info","message":"Connected to MongoDB"}
{"level":"info","message":"Server running on port 3300"}
{"level":"info"}
{"level":"info","message":"Connected to MongoDB"}
{"level":"info","message":"Server running on port 3300"}
{"level":"info"}
{"level":"info","message":"Connected to MongoDB"}
{"level":"info","message":"Server running on port 3300"}
{"level":"info"}
{"level":"info","message":"Connected to MongoDB"}
{"level":"info","message":"Server running on port 3300"}
{"level":"info","message":"Connected to MongoDB"}
{"level":"info","message":"Server running on port 3300"}
{"level":"info","message":"Connected to MongoDB"}
{"level":"info","message":"Server running on port 3300"}
{"level":"error"}
{"level":"info","message":"Connected to MongoDB"}
{"level":"info","message":"Server running on port 3300"}
{"level":"error"}
{"level":"info","message":"Connected to MongoDB"}
{"level":"info","message":"Server running on port 3300"}
{"level":"error"}
{"level":"info","message":"Connected to MongoDB"}
{"level":"info","message":"Server running on port 3300"}
{"_message":"User validation failed","errors":{"role":{"kind":"enum","message":"`Adm` is not a valid enum value for path `role`.","name":"ValidatorError","path":"role","properties":{"enumValues":["BusinessOwner","User","Admin"],"message":"`Adm` is not a valid enum value for path `role`.","path":"role","type":"enum","value":"Adm"},"value":"Adm"}},"level":"error","message":"User validation failed: role: `Adm` is not a valid enum value for path `role`.","name":"ValidationError"}
{"level":"info","message":"Connected to MongoDB"}
{"level":"info","message":"Server running on port 3300"}
{"level":"info","message":"Connected to MongoDB"}
{"level":"info","message":"Server running on port 3300"}
{"level":"info","message":"Connected to MongoDB"}
{"level":"info","message":"Server running on port 3300"}
{"level":"info","message":"Connected to MongoDB"}
{"level":"info","message":"Server running on port 3300"}
{"level":"info","message":"Connected to MongoDB"}
{"level":"info","message":"Server running on port 3300"}
{"level":"info","message":"Connected to MongoDB"}
{"level":"info","message":"Server running on port 3300"}
{"level":"info","message":"Connected to MongoDB"}
{"level":"info","message":"Server running on port 3300"}
{"level":"info","message":"Connected to MongoDB"}
{"level":"info","message":"Server running on port 3300"}
{"level":"info","message":"Connected to MongoDB"}
{"level":"info","message":"Server running on port 3300"}
{"level":"info","message":"Connected to MongoDB"}
{"level":"info","message":"Server running on port 3300"}
{"level":"info","message":"Connected to MongoDB"}
{"level":"info","message":"Server running on port 3300"}
{"level":"info","message":"Connected to MongoDB"}
{"level":"info","message":"Server running on port 3300"}
{"level":"info","message":"Connected to MongoDB"}
{"level":"info","message":"Server running on port 3300"}
{"level":"info","message":"Connected to MongoDB"}
{"level":"info","message":"Server running on port 3300"}
{"level":"info","message":"Connected to MongoDB"}
{"level":"info","message":"Server running on port 3300"}
{"level":"info","message":"Connected to MongoDB"}
{"level":"info","message":"Server running on port 3300"}
{"level":"info","message":"Connected to MongoDB"}
{"level":"info","message":"Server running on port 3300"}
{"level":"info","message":"Connected to MongoDB"}
{"level":"info","message":"Server running on port 3300"}
{"level":"info","message":"Connected to MongoDB"}
{"level":"info","message":"Server running on port 3300"}
{"level":"info","message":"Connected to MongoDB"}
{"level":"info","message":"Server running on port 3300"}
{"level":"info","message":"Connected to MongoDB"}
{"level":"info","message":"Server running on port 3300"}
{"level":"info","message":"Connected to MongoDB"}
{"level":"info","message":"Server running on port 3300"}
{"level":"info","message":"Connected to MongoDB"}
{"level":"info","message":"Server running on port 3300"}
{"level":"info","message":"Connected to MongoDB"}
{"level":"info","message":"Server running on port 3300"}
{"level":"info","message":"Connected to MongoDB"}
{"level":"info","message":"Server running on port 3300"}
{"level":"info","message":"Connected to MongoDB"}
{"level":"info","message":"Server running on port 3300"}
{"level":"info","message":"Connected to MongoDB"}
{"level":"info","message":"Server running on port 3300"}
{"level":"info","message":"Connected to MongoDB"}
{"level":"info","message":"Server running on port 3300"}
{"level":"info","message":"Connected to MongoDB"}
{"level":"info","message":"Server running on port 3300"}
{"level":"info","message":"Connected to MongoDB"}
{"level":"info","message":"Server running on port 3300"}
{"level":"info","message":"Connected to MongoDB"}
{"level":"info","message":"Server running on port 3300"}
{"level":"info","message":"Connected to MongoDB"}
{"level":"info","message":"Server running on port 3300"}
{"level":"info","message":"Connected to MongoDB"}
{"level":"info","message":"Server running on port 3300"}
{"level":"info","message":"Connected to MongoDB"}
{"level":"info","message":"Server running on port 3300"}
{"level":"info","message":"Connected to MongoDB"}
{"level":"info","message":"Server running on port 3300"}
{"level":"info","message":"Connected to MongoDB"}
{"level":"info","message":"Server running on port 3300"}
{"level":"info","message":"Connected to MongoDB"}
{"level":"info","message":"Server running on port 3300"}
{"level":"info","message":"Connected to MongoDB"}
{"level":"info","message":"Server running on port 3300"}
{"level":"info","message":"Connected to MongoDB"}
{"level":"info","message":"Server running on port 3300"}
{"level":"info","message":"Connected to MongoDB"}
{"level":"info","message":"Server running on port 3300"}
{"level":"info","message":"Connected to MongoDB"}
{"level":"info","message":"Server running on port 3300"}
{"level":"info","message":"Connected to MongoDB"}
{"level":"info","message":"Server running on port 3300"}
{"level":"info","message":"Connected to MongoDB"}
{"level":"info","message":"Server running on port 3300"}
{"level":"info","message":"Connected to MongoDB"}
{"level":"info","message":"Server running on port 3300"}
{"level":"info","message":"Connected to MongoDB"}
{"level":"info","message":"Server running on port 3300"}
{"level":"info","message":"Connected to MongoDB"}
{"level":"info","message":"Server running on port 3300"}
{"level":"info","message":"Connected to MongoDB"}
{"level":"info","message":"Server running on port 3300"}
{"level":"info","message":"Connected to MongoDB"}
{"level":"info","message":"Server running on port 3300"}
{"level":"info","message":"Connected to MongoDB"}
{"level":"info","message":"Server running on port 3300"}
{"level":"info","message":"Connected to MongoDB"}
{"level":"info","message":"Server running on port 3300"}
{"level":"info","message":"Connected to MongoDB"}
{"level":"info","message":"Server running on port 3300"}
{"level":"info","message":"Connected to MongoDB"}
{"level":"info","message":"Server running on port 3300"}
{"level":"info","message":"Connected to MongoDB"}
{"level":"info","message":"Server running on port 3300"}
{"level":"info","message":"Connected to MongoDB"}
{"level":"info","message":"Server running on port 3300"}
{"level":"info","message":"Connected to MongoDB"}
{"level":"info","message":"Server running on port 3300"}
{"level":"info","message":"Connected to MongoDB"}
{"level":"info","message":"Server running on port 3300"}
{"level":"info","message":"Connected to MongoDB"}
{"level":"info","message":"Server running on port 3300"}
{"level":"info","message":"Connected to MongoDB"}
{"level":"info","message":"Server running on port 3300"}
{"level":"info","message":"Connected to MongoDB"}
{"level":"info","message":"Server running on port 3300"}
{"level":"info","message":"Connected to MongoDB"}
{"level":"info","message":"Server running on port 3300"}
{"level":"info","message":"Connected to MongoDB"}
{"level":"info","message":"Server running on port 3300"}
{"level":"info","message":"Connected to MongoDB"}
{"level":"info","message":"Server running on port 3300"}
{"level":"info","message":"Connected to MongoDB"}
{"level":"info","message":"Server running on port 3300"}
{"level":"info","message":"Connected to MongoDB"}
{"level":"info","message":"Server running on port 3300"}
{"level":"info","message":"Connected to MongoDB"}
{"level":"info","message":"Server running on port 3300"}
{"level":"info","message":"Connected to MongoDB"}
{"level":"info","message":"Server running on port 3300"}
{"level":"info","message":"Connected to MongoDB"}
{"level":"info","message":"Server running on port 3300"}
{"level":"info","message":"Connected to MongoDB"}
{"level":"info","message":"Server running on port 3300"}
{"level":"info","message":"Connected to MongoDB"}
{"level":"info","message":"Server running on port 3300"}
{"level":"info","message":"Connected to MongoDB"}
{"level":"info","message":"Server running on port 3300"}
{"level":"info","message":"Connected to MongoDB"}
{"level":"info","message":"Server running on port 3300"}
{"level":"info","message":"Connected to MongoDB"}
{"level":"info","message":"Server running on port 3300"}
{"level":"info","message":"Connected to MongoDB"}
{"level":"info","message":"Server running on port 3300"}
{"level":"info","message":"Connected to MongoDB"}
{"level":"info","message":"Server running on port 3300"}
{"level":"info","message":"Connected to MongoDB"}
{"level":"info","message":"Server running on port 3300"}
{"level":"info","message":"Connected to MongoDB"}
{"level":"info","message":"Server running on port 3300"}
{"level":"info","message":"Connected to MongoDB"}
{"level":"info","message":"Server running on port 3300"}
{"level":"info","message":"Connected to MongoDB"}
{"level":"info","message":"Server running on port 3300"}
{"level":"info","message":"Connected to MongoDB"}
{"level":"info","message":"Server running on port 3300"}
{"level":"info","message":"Connected to MongoDB"}
{"level":"info","message":"Server running on port 3300"}
{"level":"info","message":"Connected to MongoDB"}
{"level":"info","message":"Server running on port 3300"}
{"level":"info","message":"Connected to MongoDB"}
{"level":"info","message":"Server running on port 3300"}
{"level":"info","message":"Connected to MongoDB"}
{"level":"info","message":"Server running on port 3300"}
{"level":"info","message":"Connected to MongoDB"}
{"level":"info","message":"Server running on port 3300"}
{"level":"info","message":"Connected to MongoDB"}
{"level":"info","message":"Server running on port 3300"}
{"level":"info","message":"Connected to MongoDB"}
{"level":"info","message":"Server running on port 3300"}
{"level":"info","message":"Connected to MongoDB"}
{"level":"info","message":"Server running on port 3300"}
{"level":"info","message":"Connected to MongoDB"}
{"level":"info","message":"Server running on port 3300"}
{"level":"info","message":"Connected to MongoDB"}
{"level":"info","message":"Server running on port 3300"}
{"level":"info","message":"Connected to MongoDB"}
{"level":"info","message":"Server running on port 3300"}
{"level":"info","message":"Connected to MongoDB"}
{"level":"info","message":"Connected to MongoDB"}
{"level":"info","message":"Server running on port 3300"}
{"level":"info","message":"Connected to MongoDB"}
{"level":"info","message":"Server running on port 3300"}
{"level":"info","message":"Connected to MongoDB"}
{"level":"info","message":"Server running on port 3300"}
{"level":"info","message":"Connected to MongoDB"}
{"level":"info","message":"Server running on port 3300"}
{"level":"info","message":"Connected to MongoDB"}
{"level":"info","message":"Server running on port 3300"}
{"level":"info","message":"Connected to MongoDB"}
{"level":"info","message":"Server running on port 3300"}
{"level":"info","message":"Connected to MongoDB"}
{"level":"info","message":"Server running on port 3300"}
{"level":"info","message":"Connected to MongoDB"}
{"level":"info","message":"Server running on port 3300"}
{"level":"info","message":"Connected to MongoDB"}
{"level":"info","message":"Server running on port 3300"}
{"level":"info","message":"Connected to MongoDB"}
{"level":"info","message":"Server running on port 3300"}
{"level":"info","message":"Connected to MongoDB"}
{"level":"info","message":"Server running on port 3300"}
{"level":"info","message":"Connected to MongoDB"}
{"level":"info","message":"Server running on port 3300"}
{"level":"info","message":"Connected to MongoDB"}
{"level":"info","message":"Server running on port 3300"}
{"level":"info","message":"Connected to MongoDB"}
{"level":"info","message":"Server running on port 3300"}
{"level":"info","message":"Connected to MongoDB"}
{"level":"info","message":"Server running on port 3300"}
{"level":"info","message":"Connected to MongoDB"}
{"level":"info","message":"Server running on port 3300"}
{"level":"info","message":"Connected to MongoDB"}
{"level":"info","message":"Server running on port 3300"}
{"level":"info","message":"Connected to MongoDB"}
{"level":"info","message":"Server running on port 3300"}
{"level":"info","message":"Connected to MongoDB"}
{"level":"info","message":"Server running on port 3300"}
{"level":"info","message":"Connected to MongoDB"}
{"level":"info","message":"Server running on port 3300"}
{"level":"info","message":"Connected to MongoDB"}
{"level":"info","message":"Server running on port 3300"}
{"level":"info","message":"Connected to MongoDB"}
{"level":"info","message":"Server running on port 3300"}
{"level":"info","message":"Connected to MongoDB"}
{"level":"info","message":"Server running on port 3300"}
{"level":"info","message":"Connected to MongoDB"}
{"level":"info","message":"Server running on port 3300"}
{"level":"info","message":"Connected to MongoDB"}
{"level":"info","message":"Server running on port 3300"}
{"level":"info","message":"Connected to MongoDB"}
{"level":"info","message":"Server running on port 3300"}
{"level":"info","message":"Connected to MongoDB"}
{"level":"info","message":"Server running on port 3300"}
{"level":"info","message":"Connected to MongoDB"}
{"level":"info","message":"Server running on port 3300"}
{"level":"info","message":"Connected to MongoDB"}
{"level":"info","message":"Server running on port 3300"}
{"level":"info","message":"Connected to MongoDB"}
{"level":"info","message":"Server running on port 3300"}
{"level":"info","message":"Connected to MongoDB"}
{"level":"info","message":"Server running on port 3300"}
{"level":"info","message":"Connected to MongoDB"}
{"level":"info","message":"Server running on port 3300"}
{"level":"info","message":"Connected to MongoDB"}
{"level":"info","message":"Server running on port 3300"}
{"level":"info","message":"Connected to MongoDB"}
{"level":"info","message":"Server running on port 3300"}
